{"name": "test_logout", "status": "broken", "statusDetails": {"message": "NameError: name 'moment' is not defined", "trace": "self = <login_test.TestLogin object at 0x000001CAF1855DA0>\n\n    def test_logout(self):\n        try:\n            driver = self.driver\n            homepage = HomePage(driver)\n            homepage.click_profile()\n            homepage.click_logout()\n            x = driver.title\n>           assert x == 'Orange'\nE           AssertionError: assert 'OrangeHRM' == 'Orange'\nE             - Orange\nE             + OrangeHRM\nE             ?       +++\n\ntests\\login_test.py:28: AssertionError\n\nDuring handling of the above exception, another exception occurred:\n\nself = <login_test.TestLogin object at 0x000001CAF1855DA0>\n\n    def test_logout(self):\n        try:\n            driver = self.driver\n            homepage = HomePage(driver)\n            homepage.click_profile()\n            homepage.click_logout()\n            x = driver.title\n            assert x == 'Orange'\n        except AssertionError as error:\n            print('There was an AssertionError!')\n            print(error)\n            time.sleep(3)\n>           currentTime = moment.now().strftime('%d-%m-%Y_%H-%M-%S')\nE           NameError: name 'moment' is not defined\n\ntests\\login_test.py:33: NameError"}, "attachments": [{"name": "stdout", "source": "44b14f4e-6b86-4a5c-84e9-881208841101-attachment.txt", "type": "text/plain"}], "start": 1686541984094, "stop": 1686541988381, "uuid": "34d920a8-4bbb-4dfb-9ae2-c9b89675c2f9", "historyId": "e89a5a0e9aefe451ee262eba82370b01", "testCaseId": "e89a5a0e9aefe451ee262eba82370b01", "fullName": "tests.login_test.TestLogin#test_logout", "labels": [{"name": "tag", "value": "@pytest.mark.usefixtures('test_setup')"}, {"name": "parentSuite", "value": "tests"}, {"name": "suite", "value": "login_test"}, {"name": "subSuite", "value": "TestLogin"}, {"name": "host", "value": "louis"}, {"name": "thread", "value": "42740-MainThread"}, {"name": "framework", "value": "pytest"}, {"name": "language", "value": "cpython3"}, {"name": "package", "value": "tests.login_test"}]}